<?xml version="1.0" encoding="UTF-8"?>
<!-- Generated by org.testng.reporters.JUnitReportReporter -->
<testsuite hostname="Moti-BraveDog" failures="0" tests="1" name="com.assessment.enzigmaassessment.ForgotPasswordValidation" time="3.978" errors="0" timestamp="8 Jan 2025 22:27:24 GMT">
  <testcase classname="com.assessment.enzigmaassessment.ForgotPasswordValidation" name="validateForgotPasswordwithBlankEmail" time="3.978"/>
</testsuite> <!-- com.assessment.enzigmaassessment.ForgotPasswordValidation -->
