<?xml version="1.0" encoding="UTF-8"?>
<!-- Generated by org.testng.reporters.JUnitReportReporter -->
<testsuite hostname="Moti-BraveDog" failures="0" tests="1" name="com.assessment.enzigmaassessment.BasicScript" time="3.214" errors="0" timestamp="8 Jan 2025 22:42:51 GMT">
  <testcase classname="com.assessment.enzigmaassessment.BasicScript" name="openBrowser" time="3.214"/>
</testsuite> <!-- com.assessment.enzigmaassessment.BasicScript -->
